2025-11-15 18:28:28,663 [INFO] ================================================================================
2025-11-15 18:28:28,663 [INFO] Starting robust training runner
2025-11-15 18:28:28,663 [INFO] Training will automatically restart from checkpoints on failure
2025-11-15 18:28:28,664 [INFO] Press Ctrl+C to stop
2025-11-15 18:28:28,664 [INFO] ================================================================================
2025-11-15 18:28:28,664 [INFO] 
================================================================================
2025-11-15 18:28:28,664 [INFO] Training attempt #1 (Total crashes: 0)
2025-11-15 18:28:28,664 [INFO] Started at: 2025-11-15 18:28:28
2025-11-15 18:28:28,664 [INFO] ================================================================================

2025-11-15 18:28:29,487 [INFO] ============================================================
2025-11-15 18:28:29,487 [INFO] ANTIYOY ALPHAZERO TRAINING
2025-11-15 18:28:29,487 [INFO] ============================================================
2025-11-15 18:28:29,487 [INFO] Loading AntiyoyGame...
2025-11-15 18:28:29,487 [INFO] Game Configuration:
2025-11-15 18:28:29,487 [INFO]   Board size: (23, 5, 5)
2025-11-15 18:28:29,487 [INFO]   Action size: 676
2025-11-15 18:28:29,487 [INFO] Loading NNetWrapper...
2025-11-15 18:28:29,782 [INFO] Neural Network Configuration:
2025-11-15 18:28:29,782 [INFO]   Input channels: 22 (board state encoding)
2025-11-15 18:28:29,782 [INFO]   Output size: 676 (possible actions)
2025-11-15 18:28:29,782 [INFO] Loading checkpoint "./temp//best.pth.tar"...
2025-11-15 18:28:29,805 [INFO] Checkpoint loaded successfully!
2025-11-15 18:28:29,806 [INFO] Loading the Coach...
2025-11-15 18:28:29,819 [INFO] Loading 'trainExamples' from file...
2025-11-15 18:28:29,819 [WARNING] File "./temp/best.pth.tar.examples" with trainExamples not found!
2025-11-15 18:28:34,004 [INFO] Previous training examples loaded successfully!
2025-11-15 18:28:34,005 [INFO] ============================================================
2025-11-15 18:28:34,005 [INFO] Starting the learning process 🎉
2025-11-15 18:28:34,005 [INFO] ============================================================
2025-11-15 18:28:34,005 [INFO] 
2025-11-15 18:28:34,005 [INFO] Training Configuration:
2025-11-15 18:28:34,005 [INFO]   Iterations: 1000
2025-11-15 18:28:34,005 [INFO]   Self-play games per iteration: 50
2025-11-15 18:28:34,005 [INFO]   MCTS simulations per move: 25
2025-11-15 18:28:34,005 [INFO]   Arena games for evaluation: 25
2025-11-15 18:28:34,005 [INFO]   Update threshold: 0.51
2025-11-15 18:28:34,005 [INFO] 
2025-11-15 18:28:34,005 [INFO] This will take a long time. You can:
2025-11-15 18:28:34,005 [INFO]   - Monitor progress in the terminal
2025-11-15 18:28:34,005 [INFO]   - Checkpoints are saved to: ./temp/
2025-11-15 18:28:34,005 [INFO]   - Press Ctrl+C to stop (progress is saved)
2025-11-15 18:28:34,005 [INFO] 
2025-11-15 18:28:34,005 [INFO] ============================================================
2025-11-15 18:28:34,005 [INFO] Starting Iter #1 ...
2025-11-15 18:31:15,396 [ERROR] Training crashed with TypeError: 'HexTile' object is not subscriptable
2025-11-15 18:31:15,397 [ERROR] Traceback (most recent call last):
  File "/home/nrcunard/csc520/520ProjectAntiyoyAI/alpha-zero/run_training.py", line 33, in run_training
    main.main()
  File "/home/nrcunard/csc520/520ProjectAntiyoyAI/alpha-zero/main.py", line 230, in main
    c.learn()
  File "/home/nrcunard/csc520/520ProjectAntiyoyAI/alpha-zero/Coach.py", line 95, in learn
    iterationTrainExamples += self.executeEpisode()
  File "/home/nrcunard/csc520/520ProjectAntiyoyAI/alpha-zero/Coach.py", line 58, in executeEpisode
    pi = self.mcts.getActionProb(canonicalBoard, temp=temp)
  File "/home/nrcunard/csc520/520ProjectAntiyoyAI/alpha-zero/MCTS.py", line 49, in getActionProb
    self.search(canonicalBoard)
  File "/home/nrcunard/csc520/520ProjectAntiyoyAI/alpha-zero/MCTS.py", line 172, in search
    v = self.search(next_s, depth + 1)
  File "/home/nrcunard/csc520/520ProjectAntiyoyAI/alpha-zero/MCTS.py", line 172, in search
    v = self.search(next_s, depth + 1)
  File "/home/nrcunard/csc520/520ProjectAntiyoyAI/alpha-zero/MCTS.py", line 172, in search
    v = self.search(next_s, depth + 1)
  [Previous line repeated 52 more times]
  File "/home/nrcunard/csc520/520ProjectAntiyoyAI/alpha-zero/MCTS.py", line 169, in search
    next_s, next_player = self.game.getNextState(canonicalBoard, 1, a)
  File "/home/nrcunard/csc520/520ProjectAntiyoyAI/alpha-zero/antiyoy/AntiyoyGame.py", line 80, in getNextState
    b = self._board_from_numpy(board, player)
  File "/home/nrcunard/csc520/520ProjectAntiyoyAI/alpha-zero/antiyoy/AntiyoyGame.py", line 209, in _board_from_numpy
    return Board.from_numpy(numpy_board, player)
  File "/home/nrcunard/csc520/520ProjectAntiyoyAI/alpha-zero/antiyoy/AntiyoyLogic.py", line 169, in from_numpy
    cls._setup_hex_neighbors_static(mapData)
  File "/home/nrcunard/csc520/520ProjectAntiyoyAI/alpha-zero/antiyoy/AntiyoyLogic.py", line 319, in _setup_hex_neighbors_static
    neighbors[3] = mapData[row+1][col]
TypeError: 'HexTile' object is not subscriptable

2025-11-15 18:31:15,398 [WARNING] 
================================================================================
2025-11-15 18:31:15,398 [WARNING] Training crashed! This was crash #1
2025-11-15 18:31:15,398 [WARNING] Waiting 5 seconds before restarting from checkpoint...
2025-11-15 18:31:15,398 [WARNING] ================================================================================

2025-11-15 18:31:20,401 [INFO] Restarting training from most recent checkpoint...
2025-11-15 18:31:20,401 [INFO] 
================================================================================
2025-11-15 18:31:20,401 [INFO] Training attempt #2 (Total crashes: 1)
2025-11-15 18:31:20,401 [INFO] Started at: 2025-11-15 18:31:20
2025-11-15 18:31:20,401 [INFO] ================================================================================

2025-11-15 18:31:20,401 [INFO] ============================================================
2025-11-15 18:31:20,401 [INFO] ANTIYOY ALPHAZERO TRAINING
2025-11-15 18:31:20,401 [INFO] ============================================================
2025-11-15 18:31:20,401 [INFO] Loading AntiyoyGame...
2025-11-15 18:31:20,401 [INFO] Game Configuration:
2025-11-15 18:31:20,401 [INFO]   Board size: (23, 5, 5)
2025-11-15 18:31:20,401 [INFO]   Action size: 676
2025-11-15 18:31:20,401 [INFO] Loading NNetWrapper...
2025-11-15 18:31:20,412 [INFO] Neural Network Configuration:
2025-11-15 18:31:20,413 [INFO]   Input channels: 22 (board state encoding)
2025-11-15 18:31:20,413 [INFO]   Output size: 676 (possible actions)
2025-11-15 18:31:20,413 [INFO] Loading checkpoint "./temp//best.pth.tar"...
2025-11-15 18:31:20,428 [INFO] Checkpoint loaded successfully!
2025-11-15 18:31:20,428 [INFO] Loading the Coach...
2025-11-15 18:31:20,439 [INFO] Loading 'trainExamples' from file...
2025-11-15 18:31:20,439 [WARNING] File "./temp/best.pth.tar.examples" with trainExamples not found!
